# JRE version: 7.0_07-b11
# Java VM: Java HotSpot(TM) Client VM (23.3-b01 mixed mode, sharing windows-x86 )
Heap
 def new generation   total 4928K, used 1328K [0x23dc0000, 0x24310000, 0x29310000)
  eden space 4416K,  18% used [0x23dc0000, 0x23e8c1e8, 0x24210000)
  from space 512K, 100% used [0x24210000, 0x24290000, 0x24290000)
  to   space 512K,   0% used [0x24290000, 0x24290000, 0x24310000)
 tenured generation   total 10944K, used 1169K [0x29310000, 0x29dc0000, 0x33dc0000)
   the space 10944K,  10% used [0x29310000, 0x29434790, 0x29434800, 0x29dc0000)
 compacting perm gen  total 12288K, used 1911K [0x33dc0000, 0x349c0000, 0x37dc0000)
   the space 12288K,  15% used [0x33dc0000, 0x33f9df78, 0x33f9e000, 0x349c0000)
    ro space 10240K,  42% used [0x37dc0000, 0x381ff150, 0x381ff200, 0x387c0000)
    rw space 12288K,  54% used [0x387c0000, 0x38e3fad8, 0x38e3fc00, 0x393c0000)
GC Heap History (4 events):
Event: 0.275 GC heap before
{Heap before GC invocations=0 (full 0):
 def new generation   total 4928K, used 4416K [0x23dc0000, 0x24310000, 0x29310000)
  eden space 4416K, 100% used [0x23dc0000, 0x24210000, 0x24210000)
  from space 512K,   0% used [0x24210000, 0x24210000, 0x24290000)
  to   space 512K,   0% used [0x24290000, 0x24290000, 0x24310000)
 tenured generation   total 10944K, used 0K [0x29310000, 0x29dc0000, 0x33dc0000)
   the space 10944K,   0% used [0x29310000, 0x29310000, 0x29310200, 0x29dc0000)
 compacting perm gen  total 12288K, used 1007K [0x33dc0000, 0x349c0000, 0x37dc0000)
   the space 12288K,   8% used [0x33dc0000, 0x33ebbe68, 0x33ebc000, 0x349c0000)
    ro space 10240K,  42% used [0x37dc0000, 0x381ff150, 0x381ff200, 0x387c0000)
    rw space 12288K,  54% used [0x387c0000, 0x38e3fad8, 0x38e3fc00, 0x393c0000)
Event: 0.279 GC heap after
Heap after GC invocations=1 (full 0):
 def new generation   total 4928K, used 512K [0x23dc0000, 0x24310000, 0x29310000)
  eden space 4416K,   0% used [0x23dc0000, 0x23dc0000, 0x24210000)
  from space 512K, 100% used [0x24290000, 0x24310000, 0x24310000)
  to   space 512K,   0% used [0x24210000, 0x24210000, 0x24290000)
 tenured generation   total 10944K, used 618K [0x29310000, 0x29dc0000, 0x33dc0000)
   the space 10944K,   5% used [0x29310000, 0x293aa8a8, 0x293aaa00, 0x29dc0000)
 compacting perm gen  total 12288K, used 1007K [0x33dc0000, 0x349c0000, 0x37dc0000)
   the space 12288K,   8% used [0x33dc0000, 0x33ebbe68, 0x33ebc000, 0x349c0000)
    ro space 10240K,  42% used [0x37dc0000, 0x381ff150, 0x381ff200, 0x387c0000)
    rw space 12288K,  54% used [0x387c0000, 0x38e3fad8, 0x38e3fc00, 0x393c0000)
}
Event: 0.774 GC heap before
{Heap before GC invocations=1 (full 0):
 def new generation   total 4928K, used 4928K [0x23dc0000, 0x24310000, 0x29310000)
  eden space 4416K, 100% used [0x23dc0000, 0x24210000, 0x24210000)
  from space 512K, 100% used [0x24290000, 0x24310000, 0x24310000)
  to   space 512K,   0% used [0x24210000, 0x24210000, 0x24290000)
 tenured generation   total 10944K, used 618K [0x29310000, 0x29dc0000, 0x33dc0000)
   the space 10944K,   5% used [0x29310000, 0x293aa8a8, 0x293aaa00, 0x29dc0000)
 compacting perm gen  total 12288K, used 1831K [0x33dc0000, 0x349c0000, 0x37dc0000)
   the space 12288K,  14% used [0x33dc0000, 0x33f89c58, 0x33f89e00, 0x349c0000)
    ro space 10240K,  42% used [0x37dc0000, 0x381ff150, 0x381ff200, 0x387c0000)
    rw space 12288K,  54% used [0x387c0000, 0x38e3fad8, 0x38e3fc00, 0x393c0000)
Event: 0.779 GC heap after
Heap after GC invocations=2 (full 0):
 def new generation   total 4928K, used 512K [0x23dc0000, 0x24310000, 0x29310000)
  eden space 4416K,   0% used [0x23dc0000, 0x23dc0000, 0x24210000)
  from space 512K, 100% used [0x24210000, 0x24290000, 0x24290000)
  to   space 512K,   0% used [0x24290000, 0x24290000, 0x24310000)
 tenured generation   total 10944K, used 1169K [0x29310000, 0x29dc0000, 0x33dc0000)
   the space 10944K,  10% used [0x29310000, 0x29434790, 0x29434800, 0x29dc0000)
 compacting perm gen  total 12288K, used 1831K [0x33dc0000, 0x349c0000, 0x37dc0000)
   the space 12288K,  14% used [0x33dc0000, 0x33f89c58, 0x33f89e00, 0x349c0000)
    ro space 10240K,  42% used [0x37dc0000, 0x381ff150, 0x381ff200, 0x387c0000)
    rw space 12288K,  54% used [0x387c0000, 0x38e3fad8, 0x38e3fc00, 0x393c0000)
}

